#
# A fatal error has been detected by the Java Runtime Environment:
#
#  SIGSEGV (0xb) at pc=0x00007fff8f52b0dd, pid=50718, tid=1811
#
# JRE version: Java(TM) SE Runtime Environment (7.0_71-b14) (build 1.7.0_71-b14)
# Java VM: Java HotSpot(TM) 64-Bit Server VM (24.71-b01 mixed mode bsd-amd64 compressed oops)
# Problematic frame:
# C  [libobjc.A.dylib+0x10dd]  objc_msgSend+0x1d
#
# Failed to write core dump. Core dumps have been disabled. To enable core dumping, try "ulimit -c unlimited" before starting Java again
#
# If you would like to submit a bug report, please visit:
#   http://bugreport.sun.com/bugreport/crash.jsp
# The crash happened outside the Java Virtual Machine in native code.
# See problematic frame for where to report the bug.
#

---------------  T H R E A D  ---------------

Current thread (0x00007ff33106d800):  JavaThread "AppKit Thread" daemon [_thread_in_native, id=1811, stack(0x00007fff5839b000,0x00007fff5841b000)]

siginfo:si_signo=SIGSEGV: si_errno=0, si_code=1 (SEGV_MAPERR), si_addr=0x0000000000000018

Registers:
RAX=0x0000000000000000, RBX=0x00007ff330564d40, RCX=0x0000000000000000, RDX=0x00007ff330564d40
RSP=0x00007fff58415d18, RBP=0x00007fff58415d40, RSI=0x00007fff8518a381, RDI=0x00007ff330664470
R8 =0x0000000000000001, R9 =0x0000000000000001, R10=0x00007fff8518a381, R11=0x0000000000000000
R12=0x0000000000000094, R13=0x00007ff33061b1a0, R14=0x00007ff330664470, R15=0x00007fff58416230
RIP=0x00007fff8f52b0dd, EFLAGS=0x0000000000010246, ERR=0x0000000000000004
  TRAPNO=0x000000000000000e

Top of Stack: (sp=0x00007fff58415d18)
0x00007fff58415d18:   0000000118ada598 00007ff330564d40
0x00007fff58415d28:   0000000118b0ec60 00007ff33061b1a0
0x00007fff58415d38:   00007ff330564d40 00007fff58416220
0x00007fff58415d48:   00007fff8486b055 0000000000000000
0x00007fff58415d58:   0000000000000000 4084000000000000
0x00007fff58415d68:   407d400000000000 0000000000000000
0x00007fff58415d78:   0000000000000000 4084000000000000
0x00007fff58415d88:   407d400000000000 4084000000000000
0x00007fff58415d98:   407ea00000000000 401c000000000000
0x00007fff58415da8:   407d700000000000 402c000000000000
0x00007fff58415db8:   4030000000000000 401c000000000000
0x00007fff58415dc8:   0000000000000000 0000000000000000
0x00007fff58415dd8:   4030000000000000 00007fff8514d139
0x00007fff58415de8:   4018000000000000 00007ff330619b20
0x00007fff58415df8:   0000000100000000 0000000000000000
0x00007fff58415e08:   00007ff330424250 00007fff58415f60
0x00007fff58415e18:   00007fff8486fc46