#
# A fatal error has been detected by the Java Runtime Environment:
#
#  SIGSEGV (0xb) at pc=0x00007fff8f52b0dd, pid=50544, tid=1811
#
# JRE version: Java(TM) SE Runtime Environment (7.0_71-b14) (build 1.7.0_71-b14)
# Java VM: Java HotSpot(TM) 64-Bit Server VM (24.71-b01 mixed mode bsd-amd64 compressed oops)
# Problematic frame:
# C  [libobjc.A.dylib+0x10dd]  objc_msgSend+0x1d
#
# Failed to write core dump. Core dumps have been disabled. To enable core dumping, try "ulimit -c unlimited" before starting Java again
#
# If you would like to submit a bug report, please visit:
#   http://bugreport.sun.com/bugreport/crash.jsp
# The crash happened outside the Java Virtual Machine in native code.
# See problematic frame for where to report the bug.
#

---------------  T H R E A D  ---------------

Current thread (0x00007fb09387d800):  JavaThread "AppKit Thread" daemon [_thread_in_native, id=1811, stack(0x00007fff58143000,0x00007fff581c3000)]

siginfo:si_signo=SIGSEGV: si_errno=0, si_code=1 (SEGV_MAPERR), si_addr=0x000007fb092c5f40

Registers:
RAX=0x00007fb092c97a80, RBX=0x00007fff581be958, RCX=0x0000000000000000, RDX=0x00007fb092d9dae0
RSP=0x00007fff581be778, RBP=0x00007fff581be780, RSI=0x00007fff8518a423, RDI=0x00007fb092c97a80
R8 =0x00007fff581be760, R9 =0x0000000000000055, R10=0x00007fff8518a423, R11=0x000007fb092c5f28
R12=0x00007fb092e0cb70, R13=0x00000000000f4303, R14=0x00007fb092d01a00, R15=0x00007fff581be8b8
RIP=0x00007fff8f52b0dd, EFLAGS=0x0000000000010206, ERR=0x0000000000000004
  TRAPNO=0x000000000000000e

Top of Stack: (sp=0x00007fff581be778)
0x00007fff581be778:   00007fff8ae3e45c 00007fff581beae0
0x00007fff581be788:   00007fff8ad2e634 00007fff581be80c
0x00007fff581be798:   00007fff581be810 00007fff581be814
0x00007fff581be7a8:   00007fff74a03e00 ffffffffffffffff
0x00007fff581be7b8:   00000000000007f8 00007fff74a03e18
0x00007fff581be7c8:   00007fb092d01a00 0000000000000000
0x00007fff581be7d8:   00007fff581be8b0 0000000000000000
0x00007fff581be7e8:   00007fb092f1a9e0 00007fff581be930
0x00007fff581be7f8:   0000000000000055 00000000000f4305
0x00007fff581be808:   00007fb092d9dae0 00007fb092f1d620
0x00007fff581be818:   00007fb092e0cb70 0000000000000001
0x00007fff581be828:   00000000000f4303 00007fb092e0cb60
0x00007fff581be838:   00007fff8a1d6c05 00000001753d3070
0x00007fff581be848:   00007fff757570d0 0000000042000000
0x00007fff581be858:   00007fff8a1dde63 00007fff749ce240
0x00007fff581be868:   00007fff581be938 0000000000000000
0x00007fff581be878:   00007fff754148c8 0000000000000000
0x00007fff581be888:   0000000000000010 000418038f54b97a
0x00007fff581be898:   00007fb092e0cb94 0000000000000000
0x00007fff581be8a8:   00000000003f3b01 00007fb092f25dd0
0x00007fff581be8b8:   00007fb092d01a00 0000000000000000
0x00007fff581be8c8:   00007fff851c345d 00007fff581be970
0x00007fff581be8d8:   00007fff920a2513 00007fff581be954
0x00007fff581be8e8:   00000000003f3c01 00000000ffffffff
0x00007fff581be8f8:   00007fff754148c8 00000000003f3c00
0x00007fff581be908:   00007fff00000000 00007fff581bea00
0x00007fff581be918:   00007fff92254edc 00007fff754148e8
0x00007fff581be928:   00007fff851c345d 0000000000000051
0x00007fff581be938:   0000000000000000 00000000000f42df
0x00007fff581be948:   0000000000000053 0000000000000000
0x00007fff581be958:   00000000000f4303 00007fff581be9d4
0x00007fff581be968:   00000000003f4701 00000000ffffffff 

Instructions: (pc=0x00007fff8f52b0dd)
0x00007fff8f52b0bd:   00 00 00 48 85 ff 2e 74 7a 40 f6 c7 01 2e 75 7e
0x00007fff8f52b0cd:   49 bb f8 ff ff ff ff 7f 00 00 4c 23 1f 49 89 f2
0x00007fff8f52b0dd:   45 23 53 18 49 c1 e2 04 4d 03 53 10 49 3b 32 75
0x00007fff8f52b0ed:   04 41 ff 62 08 49 83 3a 00 74 6a 4d 3b 53 10 74 

Register to memory mapping:

RAX=0x00007fb092c97a80 is an unknown value
RBX=0x00007fff581be958 is pointing into the stack for thread: 0x00007fb09387d800
RCX=0x0000000000000000 is an unknown value
RDX=0x00007fb092d9dae0 is an unknown value
RSP=0x00007fff581be778 is pointing into the stack for thread: 0x00007fb09387d800
RBP=0x00007fff581be780 is pointing into the stack for thread: 0x00007fb09387d800
RSI=0x00007fff8518a423: -[NSTitlebarContainerView transparent]+0x5e307 in /System/Library/Frameworks/AppKit.framework/Versions/C/AppKit at 0x00007fff84789000
RDI=0x00007fb092c97a80 is an unknown value
R8 =0x00007fff581be760 is pointing into the stack for thread: 0x00007fb09387d800
R9 =0x0000000000000055 is an unknown value
R10=0x00007fff8518a423: -[NSTitlebarContainerView transparent]+0x5e307 in /System/Library/Frameworks/AppKit.framework/Versions/C/AppKit at 0x00007fff84789000
R11=0x000007fb092c5f28 is an unknown value
R12=0x00007fb092e0cb70 is an unknown value
R13=0x00000000000f4303 is an unknown value
R14=0x00007fb092d01a00 is an unknown value
R15=0x00007fff581be8b8 is pointing into the stack for thread: 0x00007fb09387d800


Stack: [0x00007fff58143000,0x00007fff581c3000],  sp=0x00007fff581be778,  free space=493k
Native frames: (J=compiled Java code, j=interpreted, Vv=VM code, C=native code)
C  [libobjc.A.dylib+0x10dd]  objc_msgSend+0x1d
C  [CoreFoundation+0x10634]  _CFXNotificationPost+0xc44
C  [Foundation+0x79d1]  -[NSNotificationCenter postNotificationName:object:userInfo:]+0x42
C  [AppKit+0x43ac2]  -[NSSurface _disposeSurface]+0x98
C  [AppKit+0x43526]  -[NSSurface setWindow:]+0x42
C  [AppKit+0x33a10]  -[NSView _setWindow:]+0xa33
C  [AppKit+0x6b091]  -[NSView removeFromSuperview]+0x1c5
C  [AppKit+0x14bea9]  -[NSView removeFromSuperviewWithoutNeedingDisplay]+0x26
C  [liblwjgl.dylib+0xa205]  +[MacOSXKeyableWindow destroyWindow]+0xb5
C  [Foundation+0x92d00]  __NSThreadPerformPerform+0x125
C  [CoreFoundation+0x80a01]  __CFRUNLOOP_IS_CALLING_OUT_TO_A_SOURCE0_PERFORM_FUNCTION__+0x11
C  [CoreFoundation+0x72b8d]  __CFRunLoopDoSources0+0x10d
C  [CoreFoundation+0x721bf]  __CFRunLoopRun+0x39f
C  [CoreFoundation+0x71bd8]  CFRunLoopRunSpecific+0x128
C  [HIToolbox+0x3256f]  RunCurrentEventLoopInMode+0xeb
C  [HIToolbox+0x321ee]  ReceiveNextEventCommon+0xb3
C  [HIToolbox+0x3212b]  _BlockUntilNextEventMatchingListInModeWithFilter+0x47
C  [AppKit+0x919bb]  _DPSNextEvent+0x3d2
C  [AppKit+0x90f68]  -[NSApplication nextEventMatchingMask:untilDate:inMode:dequeue:]+0x15a
C  [libosxapp.dylib+0x24e3]  -[NSApplicationAWT nextEventMatchingMask:untilDate:inMode:dequeue:]+0x7c
C  [AppKit+0x86bf3]  -[NSApplication run]+0x252
C  [libosxapp.dylib+0x2346]  +[NSApplicationAWT runAWTLoopWithApp:]+0x9c
C  [liblwawt.dylib+0xd539]  -[AWTStarter starter:]+0x369
C  [Foundation+0x92d00]  __NSThreadPerformPerform+0x125
C  [CoreFoundation+0x80a01]  __CFRUNLOOP_IS_CALLING_OUT_TO_A_SOURCE0_PERFORM_FUNCTION__+0x11
C  [CoreFoundation+0x72b8d]  __CFRunLoopDoSources0+0x10d
C  [CoreFoundation+0x721bf]  __CFRunLoopRun+0x39f
C  [CoreFoundation+0x71bd8]  CFRunLoopRunSpecific+0x128
C  [java+0x73b0]  CreateExecutionEnvironment+0x367
C  [java+0x1b5c]  JLI_Launch+0x7a0
C  [java+0x770d]  main+0x65
C  [java+0x13b4]  start+0x34


---------------  P R O C E S S  ---------------

Java Threads: ( => current thread )
  0x00007fb094950800 JavaThread "AWT-Shutdown" [_thread_blocked, id=27695, stack(0x0000000115ead000,0x0000000115fad000)]
=>0x00007fb09387d800 JavaThread "AppKit Thread" daemon [_thread_in_native, id=1811, stack(0x00007fff58143000,0x00007fff581c3000)]
  0x00007fb09382c000 JavaThread "Service Thread" daemon [_thread_blocked, id=17411, stack(0x000000011431e000,0x000000011441e000)]
  0x00007fb09382b000 JavaThread "C2 CompilerThread1" daemon [_thread_blocked, id=16899, stack(0x000000011421b000,0x000000011431b000)]
  0x00007fb093825800 JavaThread "C2 CompilerThread0" daemon [_thread_blocked, id=16387, stack(0x0000000114118000,0x0000000114218000)]
  0x00007fb093825000 JavaThread "Signal Dispatcher" daemon [_thread_blocked, id=13579, stack(0x0000000114015000,0x0000000114115000)]
  0x00007fb09404b000 JavaThread "Finalizer" daemon [_thread_blocked, id=11523, stack(0x000000011267c000,0x000000011277c000)]
  0x00007fb09404a800 JavaThread "Reference Handler" daemon [_thread_blocked, id=11011, stack(0x0000000112579000,0x0000000112679000)]
  0x00007fb094000800 JavaThread "main" [_thread_in_native, id=4867, stack(0x0000000108e61000,0x0000000108f61000)]

Other Threads:
  0x00007fb094048000 VMThread [stack: 0x0000000112476000,0x0000000112576000] [id=10499]
  0x00007fb09381b000 WatcherThread [stack: 0x0000000114421000,0x0000000114521000] [id=17923]

VM state:not at safepoint (normal execution)

VM Mutex/Monitor currently owned by a thread: None

Heap
 PSYoungGen      total 38912K, used 10349K [0x00000007d5500000, 0x00000007d8000000, 0x0000000800000000)
  eden space 33792K, 30% used [0x00000007d5500000,0x00000007d5f1b720,0x00000007d7600000)
  from space 5120K, 0% used [0x00000007d7b00000,0x00000007d7b00000,0x00000007d8000000)
  to   space 5120K, 0% used [0x00000007d7600000,0x00000007d7600000,0x00000007d7b00000)
 ParOldGen       total 87040K, used 0K [0x0000000780000000, 0x0000000785500000, 0x00000007d5500000)
  object space 87040K, 0% used [0x0000000780000000,0x0000000780000000,0x0000000785500000)
 PSPermGen       total 21504K, used 6275K [0x000000077ae00000, 0x000000077c300000, 0x0000000780000000)
  object space 21504K, 29% used [0x000000077ae00000,0x000000077b420d68,0x000000077c300000)

Card table byte_map: [0x000000010c023000,0x000000010c44d000] byte_map_base: 0x000000010844c000

Polling page: 0x0000000107b8f000

Code Cache  [0x0000000108f63000, 0x00000001091d3000, 0x000000010bf63000)
 total_blobs=391 nmethods=56 adapters=289 free_code_cache=48610Kb largest_free_block=49753792

Compilation events (10 events):
Event: 7.181 Thread 0x00007fb09382b000   52             java.util.HashMap$HashIterator::nextEntry (99 bytes)
Event: 7.184 Thread 0x00007fb09382b000 nmethod 52 0x0000000108fe9090 code [0x0000000108fe91e0, 0x0000000108fe9458]
Event: 8.331 Thread 0x00007fb093825800   53             java.nio.Buffer::remaining (10 bytes)
Event: 8.331 Thread 0x00007fb093825800 nmethod 53 0x0000000108febe90 code [0x0000000108febfc0, 0x0000000108fec018]
Event: 8.530 Thread 0x00007fb09382b000   54             java.nio.Buffer::position (5 bytes)
Event: 8.531 Thread 0x00007fb09382b000 nmethod 54 0x0000000108febc90 code [0x0000000108febdc0, 0x0000000108febe18]
Event: 10.714 Thread 0x00007fb093825800   55             java.nio.Buffer::position (43 bytes)
Event: 10.715 Thread 0x00007fb093825800 nmethod 55 0x0000000108feba50 code [0x0000000108febb80, 0x0000000108febc18]
Event: 13.701 Thread 0x00007fb09382b000   56             java.nio.HeapByteBuffer::ix (7 bytes)
Event: 13.701 Thread 0x00007fb09382b000 nmethod 56 0x0000000108feb850 code [0x0000000108feb980, 0x0000000108feb9d8]

GC Heap History (0 events):
No events

Deoptimization events (3 events):
Event: 0.791 Thread 0x00007fb094000800 Uncommon trap: reason=class_check action=maybe_recompile pc=0x0000000108fe786c method=java.util.HashMap.put(Ljava/lang/Object;Ljava/lang/Object;)Ljava/lang/Object; @ 137
Event: 7.341 Thread 0x00007fb094000800 Uncommon trap: reason=class_check action=maybe_recompile pc=0x0000000108fe786c method=java.util.HashMap.put(Ljava/lang/Object;Ljava/lang/Object;)Ljava/lang/Object; @ 137
Event: 14.009 Thread 0x00007fb094000800 Uncommon trap: reason=class_check action=maybe_recompile pc=0x0000000108fe786c method=java.util.HashMap.put(Ljava/lang/Object;Ljava/lang/Object;)Ljava/lang/Object; @ 137

Internal exceptions (10 events):
Event: 0.669 Thread 0x00007fb094000800 Threw 0x00000007d5ccaab8 at /HUDSON/workspace/7u-2-build-macosx-x86_64/jdk7u71/1605/hotspot/src/share/vm/prims/jvm.cpp:1281
Event: 0.669 Thread 0x00007fb094000800 Threw 0x00000007d5ccdd90 at /HUDSON/workspace/7u-2-build-macosx-x86_64/jdk7u71/1605/hotspot/src/share/vm/prims/jvm.cpp:1281
Event: 0.670 Thread 0x00007fb094000800 Threw 0x00000007d5cd0538 at /HUDSON/workspace/7u-2-build-macosx-x86_64/jdk7u71/1605/hotspot/src/share/vm/prims/jvm.cpp:1281
Event: 0.670 Thread 0x00007fb094000800 Threw 0x00000007d5cd5258 at /HUDSON/workspace/7u-2-build-macosx-x86_64/jdk7u71/1605/hotspot/src/share/vm/prims/jvm.cpp:1281
Event: 0.789 Thread 0x00007fb094000800 Threw 0x00000007d5e23dd8 at /HUDSON/workspace/7u-2-build-macosx-x86_64/jdk7u71/1605/hotspot/src/share/vm/prims/jvm.cpp:1281
Event: 0.789 Thread 0x00007fb094000800 Threw 0x00000007d5e27ac8 at /HUDSON/workspace/7u-2-build-macosx-x86_64/jdk7u71/1605/hotspot/src/share/vm/prims/jvm.cpp:1281
Event: 0.791 Thread 0x00007fb094000800 Threw 0x00000007d5e2e838 at /HUDSON/workspace/7u-2-build-macosx-x86_64/jdk7u71/1605/hotspot/src/share/vm/prims/jvm.cpp:1281
Event: 0.793 Thread 0x00007fb094000800 Threw 0x00000007d5e32208 at /HUDSON/workspace/7u-2-build-macosx-x86_64/jdk7u71/1605/hotspot/src/share/vm/prims/jvm.cpp:1281
Event: 0.794 Thread 0x00007fb094000800 Threw 0x00000007d5e35bd0 at /HUDSON/workspace/7u-2-build-macosx-x86_64/jdk7u71/1605/hotspot/src/share/vm/prims/jvm.cpp:1281
Event: 16.566 Thread 0x00007fb094000800 Threw 0x00000007d5e580b8 at /HUDSON/workspace/7u-2-build-macosx-x86_64/jdk7u71/1605/hotspot/src/share/vm/prims/jvm.cpp:1281

Events (10 events):
Event: 11.768 Thread 0x00007fb094152000 Thread added: 0x00007fb094152000
Event: 12.774 Executing VM operation: RevokeBias
Event: 12.774 Executing VM operation: RevokeBias done
Event: 12.774 Thread 0x00007fb094152000 Thread exited: 0x00007fb094152000
Event: 13.033 Thread 0x00007fb094950800 Thread added: 0x00007fb094950800
Event: 14.009 Thread 0x00007fb094000800 Uncommon trap: trap_request=0xffffffde fr.pc=0x0000000108fe786c
Event: 14.009 Thread 0x00007fb094000800 DEOPT PACKING pc=0x0000000108fe786c sp=0x0000000108f60690
Event: 14.009 Thread 0x00007fb094000800 DEOPT UNPACKING pc=0x0000000108f9c045 sp=0x0000000108f60640 mode 2
Event: 16.566 loading class 0x00007fb092d506f0
Event: 16.566 loading class 0x00007fb092d506f0 done


Dynamic libraries:
0x0000000003a86000 	/System/Library/Frameworks/Cocoa.framework/Versions/A/Cocoa
0x0000000003a86000 	/System/Library/Frameworks/Security.framework/Versions/A/Security
0x0000000003a86000 	/System/Library/Frameworks/ApplicationServices.framework/Versions/A/ApplicationServices
0x0000000003a86000 	/usr/lib/libz.1.dylib
0x0000000003a86000 	/usr/lib/libSystem.B.dylib
0x0000000003a86000 	/usr/lib/libobjc.A.dylib
0x0000000003a86000 	/System/Library/Frameworks/CoreFoundation.framework/Versions/A/CoreFoundation
0x0000000003a86000 	/System/Library/Frameworks/Foundation.framework/Versions/C/Foundation
0x0000000003a86000 	/System/Library/Frameworks/AppKit.framework/Versions/C/AppKit
0x0000000003a86000 	/System/Library/Frameworks/CoreData.framework/Versions/A/CoreData
0x0000000003a86000 	/System/Library/PrivateFrameworks/RemoteViewServices.framework/Versions/A/RemoteViewServices
0x0000000003a86000 	/System/Library/PrivateFrameworks/UIFoundation.framework/Versions/A/UIFoundation
0x0000000003a86000 	/System/Library/Frameworks/IOSurface.framework/Versions/A/IOSurface
0x0000000003a86000 	/System/Library/Frameworks/AudioToolbox.framework/Versions/A/AudioToolbox
0x0000000003a86000 	/System/Library/Frameworks/AudioUnit.framework/Versions/A/AudioUnit
0x0000000003a86000 	/System/Library/PrivateFrameworks/DataDetectorsCore.framework/Versions/A/DataDetectorsCore
0x0000000003a86000 	/System/Library/PrivateFrameworks/DesktopServicesPriv.framework/Versions/A/DesktopServicesPriv
0x0000000003a86000 	/System/Library/Frameworks/Carbon.framework/Versions/A/Frameworks/HIToolbox.framework/Versions/A/HIToolbox
0x0000000003a86000 	/System/Library/Frameworks/QuartzCore.framework/Versions/A/QuartzCore
0x0000000003a86000 	/System/Library/Frameworks/Carbon.framework/Versions/A/Frameworks/SpeechRecognition.framework/Versions/A/SpeechRecognition
0x0000000003a86000 	/usr/lib/libauto.dylib
0x0000000003a86000 	/usr/lib/libicucore.A.dylib
0x0000000003a86000 	/usr/lib/libxml2.2.dylib
0x0000000003a86000 	/System/Library/PrivateFrameworks/CoreUI.framework/Versions/A/CoreUI
0x0000000003a86000 	/System/Library/Frameworks/CoreAudio.framework/Versions/A/CoreAudio
0x0000000003a86000 	/System/Library/Frameworks/DiskArbitration.framework/Versions/A/DiskArbitration
0x0000000003a86000 	/usr/lib/liblangid.dylib
0x0000000003a86000 	/System/Library/PrivateFrameworks/MultitouchSupport.framework/Versions/A/MultitouchSupport
0x0000000003a86000 	/System/Library/Frameworks/IOKit.framework/Versions/A/IOKit
0x0000000003a86000 	/usr/lib/libDiagnosticMessagesClient.dylib
0x0000000003a86000 	/System/Library/Frameworks/CoreServices.framework/Versions/A/CoreServices
0x0000000003a86000 	/System/Library/PrivateFrameworks/PerformanceAnalysis.framework/Versions/A/PerformanceAnalysis
0x0000000003a86000 	/System/Library/PrivateFrameworks/GenerationalStorage.framework/Versions/A/GenerationalStorage
0x0000000003a86000 	/System/Library/Frameworks/OpenGL.framework/Versions/A/OpenGL
0x0000000003a86000 	/System/Library/PrivateFrameworks/Sharing.framework/Versions/A/Sharing
0x0000000003a86000 	/System/Library/Frameworks/CoreGraphics.framework/Versions/A/CoreGraphics
0x0000000003a86000 	/System/Library/Frameworks/CoreText.framework/Versions/A/CoreText
0x0000000003a86000 	/System/Library/Frameworks/ImageIO.framework/Versions/A/ImageIO
0x0000000003a86000 	/usr/lib/libextension.dylib
0x0000000003a86000 	/System/Library/PrivateFrameworks/Backup.framework/Versions/A/Backup
0x0000000003a86000 	/usr/lib/libarchive.2.dylib
0x0000000003a86000 	/System/Library/Frameworks/CFNetwork.framework/Versions/A/CFNetwork
0x0000000003a86000 	/System/Library/Frameworks/SystemConfiguration.framework/Versions/A/SystemConfiguration
0x0000000003a86000 	/usr/lib/libCRFSuite.dylib
0x0000000003a86000 	/usr/lib/libc++.1.dylib
0x0000000003a86000 	/usr/lib/libc++abi.dylib
0x0000000003a86000 	/usr/lib/system/libcache.dylib
0x0000000003a86000 	/usr/lib/system/libcommonCrypto.dylib
0x0000000003a86000 	/usr/lib/system/libcompiler_rt.dylib
0x0000000003a86000 	/usr/lib/system/libcopyfile.dylib
0x0000000003a86000 	/usr/lib/system/libcorecrypto.dylib
0x0000000003a86000 	/usr/lib/system/libdispatch.dylib
0x0000000003a86000 	/usr/lib/system/libdyld.dylib
0x0000000003a86000 	/usr/lib/system/libkeymgr.dylib
0x0000000003a86000 	/usr/lib/system/liblaunch.dylib
0x0000000003a86000 	/usr/lib/system/libmacho.dylib
0x0000000003a86000 	/usr/lib/system/libquarantine.dylib
0x0000000003a86000 	/usr/lib/system/libremovefile.dylib
0x0000000003a86000 	/usr/lib/system/libsystem_asl.dylib
0x0000000003a86000 	/usr/lib/system/libsystem_blocks.dylib
0x0000000003a86000 	/usr/lib/system/libsystem_c.dylib
0x0000000003a86000 	/usr/lib/system/libsystem_configuration.dylib
0x0000000003a86000 	/usr/lib/system/libsystem_coreservices.dylib
0x0000000003a86000 	/usr/lib/system/libsystem_coretls.dylib
0x0000000003a86000 	/usr/lib/system/libsystem_dnssd.dylib
0x0000000003a86000 	/usr/lib/system/libsystem_info.dylib
0x0000000003a86000 	/usr/lib/system/libsystem_kernel.dylib
0x0000000003a86000 	/usr/lib/system/libsystem_m.dylib
0x0000000003a86000 	/usr/lib/system/libsystem_malloc.dylib
0x0000000003a86000 	/usr/lib/system/libsystem_network.dylib
0x0000000003a86000 	/usr/lib/system/libsystem_networkextension.dylib
0x0000000003a86000 	/usr/lib/system/libsystem_notify.dylib
0x0000000003a86000 	/usr/lib/system/libsystem_platform.dylib
0x0000000003a86000 	/usr/lib/system/libsystem_pthread.dylib
0x0000000003a86000 	/usr/lib/system/libsystem_sandbox.dylib
0x0000000003a86000 	/usr/lib/system/libsystem_secinit.dylib
0x0000000003a86000 	/usr/lib/system/libsystem_stats.dylib
0x0000000003a86000 	/usr/lib/system/libsystem_trace.dylib
0x0000000003a86000 	/usr/lib/system/libunc.dylib
0x0000000003a86000 	/usr/lib/system/libunwind.dylib
0x0000000003a86000 	/usr/lib/system/libxpc.dylib
0x0000000003a86000 	/usr/lib/libbz2.1.0.dylib
0x0000000003a86000 	/usr/lib/liblzma.5.dylib
0x0000000003a86000 	/usr/lib/libbsm.0.dylib
0x0000000003a86000 	/usr/lib/libsqlite3.dylib
0x0000000003a86000 	/usr/lib/system/libkxld.dylib
0x0000000003a86000 	/usr/lib/libxar.1.dylib
0x0000000003a86000 	/usr/lib/libpam.2.dylib
0x0000000003a86000 	/usr/lib/libOpenScriptingUtil.dylib
0x0000000003a86000 	/System/Library/Frameworks/CoreServices.framework/Versions/A/Frameworks/FSEvents.framework/Versions/A/FSEvents
0x0000000003a86000 	/System/Library/Frameworks/CoreServices.framework/Versions/A/Frameworks/CarbonCore.framework/Versions/A/CarbonCore
0x0000000003a86000 	/System/Library/Frameworks/CoreServices.framework/Versions/A/Frameworks/Metadata.framework/Versions/A/Metadata
0x0000000003a86000 	/System/Library/Frameworks/CoreServices.framework/Versions/A/Frameworks/OSServices.framework/Versions/A/OSServices
0x0000000003a86000 	/System/Library/Frameworks/CoreServices.framework/Versions/A/Frameworks/SearchKit.framework/Versions/A/SearchKit
0x0000000003a86000 	/System/Library/Frameworks/CoreServices.framework/Versions/A/Frameworks/AE.framework/Versions/A/AE
0x0000000003a86000 	/System/Library/Frameworks/CoreServices.framework/Versions/A/Frameworks/LaunchServices.framework/Versions/A/LaunchServices
0x0000000003a86000 	/System/Library/Frameworks/CoreServices.framework/Versions/A/Frameworks/DictionaryServices.framework/Versions/A/DictionaryServices
0x0000000003a86000 	/System/Library/Frameworks/NetFS.framework/Versions/A/NetFS
0x0000000003a86000 	/System/Library/PrivateFrameworks/NetAuth.framework/Versions/A/NetAuth
0x0000000003a86000 	/System/Library/PrivateFrameworks/login.framework/Versions/A/Frameworks/loginsupport.framework/Versions/A/loginsupport
0x0000000003a86000 	/System/Library/PrivateFrameworks/TCC.framework/Versions/A/TCC
0x0000000003a86000 	/usr/lib/libmecabra.dylib
0x0000000003a86000 	/System/Library/Frameworks/ApplicationServices.framework/Versions/A/Frameworks/ATS.framework/Versions/A/ATS
0x0000000003a86000 	/System/Library/Frameworks/ApplicationServices.framework/Versions/A/Frameworks/ColorSync.framework/Versions/A/ColorSync
0x0000000003a86000 	/System/Library/Frameworks/ApplicationServices.framework/Versions/A/Frameworks/HIServices.framework/Versions/A/HIServices
0x0000000003a86000 	/System/Library/Frameworks/ApplicationServices.framework/Versions/A/Frameworks/LangAnalysis.framework/Versions/A/LangAnalysis
0x0000000003a86000 	/System/Library/Frameworks/ApplicationServices.framework/Versions/A/Frameworks/PrintCore.framework/Versions/A/PrintCore
0x0000000003a86000 	/System/Library/Frameworks/ApplicationServices.framework/Versions/A/Frameworks/QD.framework/Versions/A/QD
0x0000000003a86000 	/System/Library/Frameworks/ApplicationServices.framework/Versions/A/Frameworks/SpeechSynthesis.framework/Versions/A/SpeechSynthesis
0x0000000003a86000 	/System/Library/Frameworks/Accelerate.framework/Versions/A/Accelerate
0x0000000003a86000 	/System/Library/Frameworks/Accelerate.framework/Versions/A/Frameworks/vImage.framework/Versions/A/vImage
0x0000000003a86000 	/System/Library/Frameworks/Accelerate.framework/Versions/A/Frameworks/vecLib.framework/Versions/A/vecLib
0x0000000003a86000 	/System/Library/Frameworks/Accelerate.framework/Versions/A/Frameworks/vecLib.framework/Versions/A/libvDSP.dylib
0x0000000003a86000 	/System/Library/Frameworks/Accelerate.framework/Versions/A/Frameworks/vecLib.framework/Versions/A/libvMisc.dylib
0x0000000003a86000 	/System/Library/Frameworks/Accelerate.framework/Versions/A/Frameworks/vecLib.framework/Versions/A/libLAPACK.dylib
0x0000000003a86000 	/System/Library/Frameworks/Accelerate.framework/Versions/A/Frameworks/vecLib.framework/Versions/A/libBLAS.dylib
0x0000000003a86000 	/System/Library/Frameworks/Accelerate.framework/Versions/A/Frameworks/vecLib.framework/Versions/A/libLinearAlgebra.dylib
0x0000000003a86000 	/System/Library/Frameworks/ApplicationServices.framework/Versions/A/Frameworks/ATS.framework/Versions/A/Resources/libFontParser.dylib
0x0000000003a86000 	/System/Library/Frameworks/ApplicationServices.framework/Versions/A/Frameworks/ATS.framework/Versions/A/Resources/libFontRegistry.dylib
0x0000000003a86000 	/System/Library/PrivateFrameworks/AppleVPA.framework/Versions/A/AppleVPA
0x0000000003a86000 	/System/Library/PrivateFrameworks/AppleJPEG.framework/Versions/A/AppleJPEG
0x0000000003a86000 	/System/Library/Frameworks/ImageIO.framework/Versions/A/Resources/libJPEG.dylib
0x0000000003a86000 	/System/Library/Frameworks/ImageIO.framework/Versions/A/Resources/libTIFF.dylib
0x0000000003a86000 	/System/Library/Frameworks/ImageIO.framework/Versions/A/Resources/libPng.dylib
0x0000000003a86000 	/System/Library/Frameworks/ImageIO.framework/Versions/A/Resources/libGIF.dylib
0x0000000003a86000 	/System/Library/Frameworks/ImageIO.framework/Versions/A/Resources/libJP2.dylib
0x0000000003a86000 	/System/Library/Frameworks/ImageIO.framework/Versions/A/Resources/libRadiance.dylib
0x0000000003a86000 	/System/Library/Frameworks/CoreVideo.framework/Versions/A/CoreVideo
0x0000000003a86000 	/System/Library/Frameworks/OpenGL.framework/Versions/A/Libraries/libGLU.dylib
0x0000000003a86000 	/System/Library/Frameworks/OpenGL.framework/Versions/A/Libraries/libGFXShared.dylib
0x0000000003a86000 	/System/Library/Frameworks/OpenGL.framework/Versions/A/Libraries/libGL.dylib
0x0000000003a86000 	/System/Library/Frameworks/OpenGL.framework/Versions/A/Libraries/libGLImage.dylib
0x0000000003a86000 	/System/Library/Frameworks/OpenGL.framework/Versions/A/Libraries/libCVMSPluginSupport.dylib
0x0000000003a86000 	/System/Library/Frameworks/OpenGL.framework/Versions/A/Libraries/libCoreVMClient.dylib
0x0000000003a86000 	/usr/lib/libcups.2.dylib
0x0000000003a86000 	/System/Library/Frameworks/Kerberos.framework/Versions/A/Kerberos
0x0000000003a86000 	/System/Library/Frameworks/GSS.framework/Versions/A/GSS
0x0000000003a86000 	/usr/lib/libresolv.9.dylib
0x0000000003a86000 	/usr/lib/libiconv.2.dylib
0x0000000003a86000 	/System/Library/PrivateFrameworks/Heimdal.framework/Versions/A/Heimdal
0x0000000003a86000 	/usr/lib/libheimdal-asn1.dylib
0x0000000003a86000 	/System/Library/Frameworks/OpenDirectory.framework/Versions/A/OpenDirectory
0x0000000003a86000 	/System/Library/PrivateFrameworks/CommonAuth.framework/Versions/A/CommonAuth
0x0000000003a86000 	/System/Library/Frameworks/OpenDirectory.framework/Versions/A/Frameworks/CFOpenDirectory.framework/Versions/A/CFOpenDirectory
0x0000000003a86000 	/System/Library/Frameworks/SecurityFoundation.framework/Versions/A/SecurityFoundation
0x0000000003a86000 	/System/Library/PrivateFrameworks/LanguageModeling.framework/Versions/A/LanguageModeling
0x0000000003a86000 	/usr/lib/libcmph.dylib
0x0000000003a86000 	/System/Library/Frameworks/ServiceManagement.framework/Versions/A/ServiceManagement
0x0000000003a86000 	/usr/lib/libxslt.1.dylib
0x0000000003a86000 	/System/Library/Frameworks/Carbon.framework/Versions/A/Frameworks/Ink.framework/Versions/A/Ink
0x0000000003a86000 	/System/Library/Frameworks/QuartzCore.framework/Versions/A/Frameworks/CoreImage.framework/Versions/A/CoreImage
0x0000000003a86000 	/System/Library/PrivateFrameworks/CrashReporterSupport.framework/Versions/A/CrashReporterSupport
0x0000000003a86000 	/System/Library/Frameworks/OpenCL.framework/Versions/A/OpenCL
0x0000000003a86000 	/System/Library/PrivateFrameworks/FaceCore.framework/Versions/A/FaceCore
0x0000000003a86000 	/System/Library/PrivateFrameworks/Ubiquity.framework/Versions/A/Ubiquity
0x0000000003a86000 	/System/Library/PrivateFrameworks/IconServices.framework/Versions/A/IconServices
0x0000000003a86000 	/System/Library/PrivateFrameworks/ChunkingLibrary.framework/Versions/A/ChunkingLibrary
0x0000000003a86000 	/System/Library/PrivateFrameworks/Apple80211.framework/Versions/A/Apple80211
0x0000000003a86000 	/System/Library/Frameworks/CoreWLAN.framework/Versions/A/CoreWLAN
0x0000000003a86000 	/System/Library/Frameworks/IOBluetooth.framework/Versions/A/IOBluetooth
0x0000000003a86000 	/System/Library/PrivateFrameworks/CoreWiFi.framework/Versions/A/CoreWiFi
0x0000000003a86000 	/System/Library/Frameworks/CoreBluetooth.framework/Versions/A/CoreBluetooth
0x0000000003a86000 	/System/Library/PrivateFrameworks/DebugSymbols.framework/Versions/A/DebugSymbols
0x0000000003a86000 	/System/Library/PrivateFrameworks/CoreSymbolication.framework/Versions/A/CoreSymbolication
0x0000000003a86000 	/System/Library/PrivateFrameworks/Symbolication.framework/Versions/A/Symbolication
0x0000000003a86000 	/System/Library/PrivateFrameworks/SpeechRecognitionCore.framework/Versions/A/SpeechRecognitionCore
0x0000000108400000 	/Library/Java/JavaVirtualMachines/jdk1.7.0_71.jdk/Contents/Home/jre/lib/server/libjvm.dylib
0x0000000003a86000 	/usr/lib/libstdc++.6.dylib
0x0000000107b52000 	/Library/Java/JavaVirtualMachines/jdk1.7.0_71.jdk/Contents/Home/jre/lib/libverify.dylib
0x0000000107b5f000 	/Library/Java/JavaVirtualMachines/jdk1.7.0_71.jdk/Contents/Home/jre/lib/libjava.dylib
0x0000000107b99000 	/Library/Java/JavaVirtualMachines/jdk1.7.0_71.jdk/Contents/Home/jre/lib/libzip.dylib
0x000000011277e000 	/System/Library/Frameworks/JavaVM.framework/Frameworks/JavaRuntimeSupport.framework/JavaRuntimeSupport
0x0000000112794000 	/System/Library/Frameworks/JavaVM.framework/Versions/A/Frameworks/JavaNativeFoundation.framework/Versions/A/JavaNativeFoundation
0x00000001127a8000 	/System/Library/Frameworks/JavaVM.framework/Versions/A/JavaVM
0x0000000003a86000 	/System/Library/Frameworks/Carbon.framework/Versions/A/Carbon
0x00000001127b4000 	/System/Library/PrivateFrameworks/JavaLaunching.framework/Versions/A/JavaLaunching
0x0000000003a86000 	/System/Library/Frameworks/Carbon.framework/Versions/A/Frameworks/CommonPanels.framework/Versions/A/CommonPanels
0x0000000003a86000 	/System/Library/Frameworks/Carbon.framework/Versions/A/Frameworks/Help.framework/Versions/A/Help
0x0000000003a86000 	/System/Library/Frameworks/Carbon.framework/Versions/A/Frameworks/ImageCapture.framework/Versions/A/ImageCapture
0x0000000003a86000 	/System/Library/Frameworks/Carbon.framework/Versions/A/Frameworks/OpenScripting.framework/Versions/A/OpenScripting
0x0000000003a86000 	/System/Library/Frameworks/Carbon.framework/Versions/A/Frameworks/Print.framework/Versions/A/Print
0x0000000003a86000 	/System/Library/Frameworks/Carbon.framework/Versions/A/Frameworks/SecurityHI.framework/Versions/A/SecurityHI
0x0000000114542000 	/Library/Java/JavaVirtualMachines/jdk1.7.0_71.jdk/Contents/Home/jre/lib/libawt.dylib
0x00000001145f1000 	/Library/Java/JavaVirtualMachines/jdk1.7.0_71.jdk/Contents/Home/jre/lib/./libmlib_image.dylib
0x00000001146bd000 	/Library/Java/JavaVirtualMachines/jdk1.7.0_71.jdk/Contents/Home/jre/lib/lwawt/liblwawt.dylib
0x0000000114771000 	/Library/Java/JavaVirtualMachines/jdk1.7.0_71.jdk/Contents/Home/jre/lib/libosxapp.dylib
0x0000000003a86000 	/System/Library/Frameworks/ExceptionHandling.framework/Versions/A/ExceptionHandling
0x0000000003a86000 	/System/Library/PrivateFrameworks/CoreServicesInternal.framework/Versions/A/CoreServicesInternal
0x0000000003a86000 	/System/Library/PrivateFrameworks/CloudDocs.framework/Versions/A/CloudDocs
0x0000000003a86000 	/System/Library/PrivateFrameworks/CoreDuet.framework/Versions/A/CoreDuet
0x0000000003a86000 	/System/Library/Frameworks/CloudKit.framework/Versions/A/CloudKit
0x0000000003a86000 	/System/Library/PrivateFrameworks/ProtocolBuffer.framework/Versions/A/ProtocolBuffer
0x0000000003a86000 	/System/Library/PrivateFrameworks/CoreDuetDaemonProtocol.framework/Versions/A/CoreDuetDaemonProtocol
0x0000000003a86000 	/System/Library/PrivateFrameworks/CoreDuetDebugLogging.framework/Versions/A/CoreDuetDebugLogging
0x0000000003a86000 	/System/Library/PrivateFrameworks/MMCS.framework/Versions/A/MMCS
0x0000000003a86000 	/System/Library/Frameworks/CoreLocation.framework/Versions/A/CoreLocation
0x0000000003a86000 	/System/Library/PrivateFrameworks/ProtectedCloudStorage.framework/Versions/A/ProtectedCloudStorage
0x0000000003a86000 	/System/Library/PrivateFrameworks/GeoServices.framework/Versions/A/GeoServices
0x0000000003a86000 	/System/Library/Frameworks/CoreGraphics.framework/Versions/A/Resources/libCGCMS.A.dylib
0x0000000003a86000 	/System/Library/Frameworks/CoreGraphics.framework/Versions/A/Resources/libRIP.A.dylib
0x0000000003a86000 	/System/Library/Frameworks/CoreGraphics.framework/Versions/A/Resources/libCGXType.A.dylib
0x0000000003a86000 	/System/Library/Frameworks/OpenCL.framework/Versions/A/Libraries/libcldcpuengine.dylib
0x0000000003a86000 	/System/Library/PrivateFrameworks/DiskImages.framework/Versions/A/DiskImages
0x0000000003a86000 	/System/Library/Frameworks/DiscRecording.framework/Versions/A/DiscRecording
0x0000000003a86000 	/usr/lib/libcsfde.dylib
0x0000000003a86000 	/usr/lib/libcurl.4.dylib
0x0000000003a86000 	/System/Library/PrivateFrameworks/MediaKit.framework/Versions/A/MediaKit
0x0000000003a86000 	/usr/lib/libCoreStorage.dylib
0x0000000003a86000 	/System/Library/PrivateFrameworks/EFILogin.framework/Versions/A/EFILogin
0x0000000003a86000 	/usr/lib/libutil.dylib
0x0000000003a86000 	/System/Library/PrivateFrameworks/FindMyDevice.framework/Versions/A/FindMyDevice
0x0000000003a86000 	/System/Library/Frameworks/LDAP.framework/Versions/A/LDAP
0x0000000003a86000 	/usr/lib/libsasl2.2.dylib
0x0000000003a86000 	/System/Library/PrivateFrameworks/CoreDaemon.framework/Versions/B/CoreDaemon
0x0000000003a86000 	/usr/lib/libcrypto.0.9.8.dylib
0x0000000003a86000 	/System/Library/PrivateFrameworks/AppleSRP.framework/Versions/A/AppleSRP
0x0000000003a86000 	/System/Library/PrivateFrameworks/TrustEvaluationAgent.framework/Versions/A/TrustEvaluationAgent
0x0000000117a04000 	cl_kernels
0x0000000117a06000 	/System/Library/Frameworks/OpenCL.framework/Versions/A/Libraries/ImageFormats/unorm8_bgra.dylib
0x00000001179f6000 	cl_kernels
0x0000000003a86000 	/System/Library/PrivateFrameworks/FamilyControls.framework/Versions/A/FamilyControls
0x0000000003a86000 	/System/Library/PrivateFrameworks/CommerceKit.framework/Versions/A/Frameworks/CommerceCore.framework/Versions/A/CommerceCore
0x0000000003a86000 	/System/Library/PrivateFrameworks/SystemAdministration.framework/Versions/A/SystemAdministration
0x0000000003a86000 	/System/Library/PrivateFrameworks/AppContainer.framework/Versions/A/AppContainer
0x0000000003a86000 	/System/Library/PrivateFrameworks/SecCodeWrapper.framework/Versions/A/SecCodeWrapper
0x0000000003a86000 	/System/Library/Frameworks/DirectoryService.framework/Versions/A/DirectoryService
0x0000000003a86000 	/System/Library/PrivateFrameworks/LoginUIKit.framework/Versions/A/Frameworks/LoginUICore.framework/Versions/A/LoginUICore
0x0000000003a86000 	/usr/lib/libodfde.dylib
0x0000000118c3e000 	/Library/Java/JavaVirtualMachines/jdk1.7.0_71.jdk/Contents/Home/jre/lib/libfontmanager.dylib
0x0000000118ca5000 	/Users/oswins/Documents/Zephyr/Java2DGame/res/macosx/liblwjgl.dylib
0x0000000116e59000 	/Library/Java/JavaVirtualMachines/jdk1.7.0_71.jdk/Contents/Home/jre/lib/libjawt.dylib
0x0000000116e5c000 	/Library/Java/JavaVirtualMachines/jdk1.7.0_71.jdk/Contents/Home/jre/lib/libnio.dylib
0x0000000116e6b000 	/Library/Java/JavaVirtualMachines/jdk1.7.0_71.jdk/Contents/Home/jre/lib/./libnet.dylib
0x0000000003a86000 	/System/Library/Frameworks/OpenGL.framework/Versions/A/Resources/GLEngine.bundle/GLEngine
0x0000000003a86000 	/System/Library/Frameworks/OpenGL.framework/Versions/A/Libraries/libGLProgrammability.dylib
0x0000000000000000 	/System/Library/Extensions/AppleIntelHD5000GraphicsGLDriver.bundle/Contents/MacOS/AppleIntelHD5000GraphicsGLDriver
0x0000000003a86000 	/System/Library/PrivateFrameworks/IOAccelerator.framework/Versions/A/IOAccelerator
0x0000000003a86000 	/System/Library/PrivateFrameworks/GPUSupport.framework/Versions/A/Libraries/libGPUSupportMercury.dylib
0x0000000003a86000 	/System/Library/Frameworks/OpenGL.framework/Versions/A/Resources/GLRendererFloat.bundle/GLRendererFloat
0x000000011989a000 	/Users/oswins/Documents/Zephyr/Java2DGame/res/macosx/libjinput-osx.dylib
0x000000011989f000 	/System/Library/Extensions/IOHIDFamily.kext/Contents/PlugIns/IOHIDLib.plugin/Contents/MacOS/IOHIDLib

VM Arguments:
jvm_args: -Djava.library.path=/Users/oswins/Documents/Zephyr/Java2DGame/res/macosx -Dfile.encoding=UTF-8 
java_command: com.oswinso.game.Game
Launcher Type: SUN_STANDARD

Environment Variables:
PATH=/usr/bin:/bin:/usr/sbin:/sbin
SHELL=/bin/bash
DISPLAY=/private/tmp/com.apple.launchd.ZBTYaJZoJ6/org.macosforge.xquartz:0

Signal Handlers:
SIGSEGV: [libjvm.dylib+0x52c49d], sa_mask[0]=0xfffefeff, sa_flags=0x00000043
SIGBUS: [libjvm.dylib+0x52c49d], sa_mask[0]=0xfffefeff, sa_flags=0x00000042
SIGFPE: [libjvm.dylib+0x41e53a], sa_mask[0]=0xfffefeff, sa_flags=0x00000042
SIGPIPE: [libjvm.dylib+0x41e53a], sa_mask[0]=0xfffefeff, sa_flags=0x00000042
SIGXFSZ: [libjvm.dylib+0x41e53a], sa_mask[0]=0xfffefeff, sa_flags=0x00000042
SIGILL: [libjvm.dylib+0x41e53a], sa_mask[0]=0xfffefeff, sa_flags=0x00000042
SIGUSR1: SIG_DFL, sa_mask[0]=0x00000000, sa_flags=0x00000000
SIGUSR2: [libjvm.dylib+0x41e02c], sa_mask[0]=0x00000004, sa_flags=0x00000042
SIGHUP: [libjvm.dylib+0x41c2bd], sa_mask[0]=0xfffefeff, sa_flags=0x00000042
SIGINT: [libjvm.dylib+0x41c2bd], sa_mask[0]=0xfffefeff, sa_flags=0x00000042
SIGTERM: [libjvm.dylib+0x41c2bd], sa_mask[0]=0xfffefeff, sa_flags=0x00000042
SIGQUIT: [libjvm.dylib+0x41c2bd], sa_mask[0]=0xfffefeff, sa_flags=0x00000042


---------------  S Y S T E M  ---------------

OS:Bsduname:Darwin 14.3.0 Darwin Kernel Version 14.3.0: Mon Mar 23 11:59:05 PDT 2015; root:xnu-2782.20.48~5/RELEASE_X86_64 x86_64
rlimit: STACK 8192k, CORE 0k, NPROC 709, NOFILE 10240, AS infinity
load average:1.94 1.96 1.84

CPU:total 4 (2 cores per cpu, 2 threads per core) family 6 model 69 stepping 1, cmov, cx8, fxsr, mmx, sse, sse2, sse3, ssse3, sse4.1, sse4.2, popcnt, avx, avx2, aes, erms, ht, tsc, tscinvbit

Memory: 4k page, physical 8388608k(2097152k free)

/proc/meminfo:


vm_info: Java HotSpot(TM) 64-Bit Server VM (24.71-b01) for bsd-amd64 JRE (1.7.0_71-b14), built on Sep 26 2014 16:11:44 by "java_re" with gcc 4.2.1 (Based on Apple Inc. build 5658) (LLVM build 2336.11.00)

time: Fri Jun 12 21:54:16 2015
elapsed time: 16 seconds

